0 info it worked if it ends with ok
1 verbose cli [ 'c:\\Program Files (x86)\\nodejs\\node.exe',
1 verbose cli   'c:\\Program Files (x86)\\nodejs\\node_modules\\npm\\bin\\npm-cli.js',
1 verbose cli   'install' ]
2 info using npm@1.4.28
3 info using node@v0.10.36
4 verbose readDependencies using package.json deps
5 verbose install where, deps [ 'c:\\Users\\ljablonski\\Documents\\workingProgress-L\\ECMS',
5 verbose install   [ 'karma',
5 verbose install     'protractor',
5 verbose install     'http-server',
5 verbose install     'bower',
5 verbose install     'shelljs',
5 verbose install     'karma-junit-reporter' ] ]
6 info preinstall ECMS@0.0.1
7 verbose readDependencies using package.json deps
8 verbose cache add [ 'karma@~0.10', null ]
9 verbose cache add name=undefined spec="karma@~0.10" args=["karma@~0.10",null]
10 verbose parsed url { protocol: null,
10 verbose parsed url   slashes: null,
10 verbose parsed url   auth: null,
10 verbose parsed url   host: null,
10 verbose parsed url   port: null,
10 verbose parsed url   hostname: null,
10 verbose parsed url   hash: null,
10 verbose parsed url   search: null,
10 verbose parsed url   query: null,
10 verbose parsed url   pathname: 'karma@~0.10',
10 verbose parsed url   path: 'karma@~0.10',
10 verbose parsed url   href: 'karma@~0.10' }
11 verbose cache add [ 'protractor@^1.1.1', null ]
12 verbose cache add name=undefined spec="protractor@^1.1.1" args=["protractor@^1.1.1",null]
13 verbose parsed url { protocol: null,
13 verbose parsed url   slashes: null,
13 verbose parsed url   auth: null,
13 verbose parsed url   host: null,
13 verbose parsed url   port: null,
13 verbose parsed url   hostname: null,
13 verbose parsed url   hash: null,
13 verbose parsed url   search: null,
13 verbose parsed url   query: null,
13 verbose parsed url   pathname: 'protractor@^1.1.1',
13 verbose parsed url   path: 'protractor@^1.1.1',
13 verbose parsed url   href: 'protractor@^1.1.1' }
14 verbose cache add [ 'http-server@^0.6.1', null ]
15 verbose cache add name=undefined spec="http-server@^0.6.1" args=["http-server@^0.6.1",null]
16 verbose parsed url { protocol: null,
16 verbose parsed url   slashes: null,
16 verbose parsed url   auth: null,
16 verbose parsed url   host: null,
16 verbose parsed url   port: null,
16 verbose parsed url   hostname: null,
16 verbose parsed url   hash: null,
16 verbose parsed url   search: null,
16 verbose parsed url   query: null,
16 verbose parsed url   pathname: 'http-server@^0.6.1',
16 verbose parsed url   path: 'http-server@^0.6.1',
16 verbose parsed url   href: 'http-server@^0.6.1' }
17 verbose cache add [ 'bower@^1.3.1', null ]
18 verbose cache add name=undefined spec="bower@^1.3.1" args=["bower@^1.3.1",null]
19 verbose parsed url { protocol: null,
19 verbose parsed url   slashes: null,
19 verbose parsed url   auth: null,
19 verbose parsed url   host: null,
19 verbose parsed url   port: null,
19 verbose parsed url   hostname: null,
19 verbose parsed url   hash: null,
19 verbose parsed url   search: null,
19 verbose parsed url   query: null,
19 verbose parsed url   pathname: 'bower@^1.3.1',
19 verbose parsed url   path: 'bower@^1.3.1',
19 verbose parsed url   href: 'bower@^1.3.1' }
20 verbose cache add [ 'shelljs@^0.2.6', null ]
21 verbose cache add name=undefined spec="shelljs@^0.2.6" args=["shelljs@^0.2.6",null]
22 verbose parsed url { protocol: null,
22 verbose parsed url   slashes: null,
22 verbose parsed url   auth: null,
22 verbose parsed url   host: null,
22 verbose parsed url   port: null,
22 verbose parsed url   hostname: null,
22 verbose parsed url   hash: null,
22 verbose parsed url   search: null,
22 verbose parsed url   query: null,
22 verbose parsed url   pathname: 'shelljs@^0.2.6',
22 verbose parsed url   path: 'shelljs@^0.2.6',
22 verbose parsed url   href: 'shelljs@^0.2.6' }
23 verbose cache add [ 'karma-junit-reporter@^0.2.2', null ]
24 verbose cache add name=undefined spec="karma-junit-reporter@^0.2.2" args=["karma-junit-reporter@^0.2.2",null]
25 verbose parsed url { protocol: null,
25 verbose parsed url   slashes: null,
25 verbose parsed url   auth: null,
25 verbose parsed url   host: null,
25 verbose parsed url   port: null,
25 verbose parsed url   hostname: null,
25 verbose parsed url   hash: null,
25 verbose parsed url   search: null,
25 verbose parsed url   query: null,
25 verbose parsed url   pathname: 'karma-junit-reporter@^0.2.2',
25 verbose parsed url   path: 'karma-junit-reporter@^0.2.2',
25 verbose parsed url   href: 'karma-junit-reporter@^0.2.2' }
26 verbose cache add name="karma" spec="~0.10" args=["karma","~0.10"]
27 verbose parsed url { protocol: null,
27 verbose parsed url   slashes: null,
27 verbose parsed url   auth: null,
27 verbose parsed url   host: null,
27 verbose parsed url   port: null,
27 verbose parsed url   hostname: null,
27 verbose parsed url   hash: null,
27 verbose parsed url   search: null,
27 verbose parsed url   query: null,
27 verbose parsed url   pathname: '~0.10',
27 verbose parsed url   path: '~0.10',
27 verbose parsed url   href: '~0.10' }
28 verbose addNamed [ 'karma', '~0.10' ]
29 verbose addNamed [ null, '>=0.10.0-0 <0.11.0-0' ]
30 verbose cache add name="protractor" spec="^1.1.1" args=["protractor","^1.1.1"]
31 verbose parsed url { protocol: null,
31 verbose parsed url   slashes: null,
31 verbose parsed url   auth: null,
31 verbose parsed url   host: null,
31 verbose parsed url   port: null,
31 verbose parsed url   hostname: null,
31 verbose parsed url   hash: null,
31 verbose parsed url   search: null,
31 verbose parsed url   query: null,
31 verbose parsed url   pathname: '^1.1.1',
31 verbose parsed url   path: '^1.1.1',
31 verbose parsed url   href: '^1.1.1' }
32 verbose addNamed [ 'protractor', '^1.1.1' ]
33 verbose addNamed [ null, '>=1.1.1-0 <2.0.0-0' ]
34 verbose cache add name="http-server" spec="^0.6.1" args=["http-server","^0.6.1"]
35 verbose parsed url { protocol: null,
35 verbose parsed url   slashes: null,
35 verbose parsed url   auth: null,
35 verbose parsed url   host: null,
35 verbose parsed url   port: null,
35 verbose parsed url   hostname: null,
35 verbose parsed url   hash: null,
35 verbose parsed url   search: null,
35 verbose parsed url   query: null,
35 verbose parsed url   pathname: '^0.6.1',
35 verbose parsed url   path: '^0.6.1',
35 verbose parsed url   href: '^0.6.1' }
36 verbose addNamed [ 'http-server', '^0.6.1' ]
37 verbose addNamed [ null, '>=0.6.1-0 <0.7.0-0' ]
38 verbose cache add name="bower" spec="^1.3.1" args=["bower","^1.3.1"]
39 verbose parsed url { protocol: null,
39 verbose parsed url   slashes: null,
39 verbose parsed url   auth: null,
39 verbose parsed url   host: null,
39 verbose parsed url   port: null,
39 verbose parsed url   hostname: null,
39 verbose parsed url   hash: null,
39 verbose parsed url   search: null,
39 verbose parsed url   query: null,
39 verbose parsed url   pathname: '^1.3.1',
39 verbose parsed url   path: '^1.3.1',
39 verbose parsed url   href: '^1.3.1' }
40 verbose addNamed [ 'bower', '^1.3.1' ]
41 verbose addNamed [ null, '>=1.3.1-0 <2.0.0-0' ]
42 verbose cache add name="shelljs" spec="^0.2.6" args=["shelljs","^0.2.6"]
43 verbose parsed url { protocol: null,
43 verbose parsed url   slashes: null,
43 verbose parsed url   auth: null,
43 verbose parsed url   host: null,
43 verbose parsed url   port: null,
43 verbose parsed url   hostname: null,
43 verbose parsed url   hash: null,
43 verbose parsed url   search: null,
43 verbose parsed url   query: null,
43 verbose parsed url   pathname: '^0.2.6',
43 verbose parsed url   path: '^0.2.6',
43 verbose parsed url   href: '^0.2.6' }
44 verbose addNamed [ 'shelljs', '^0.2.6' ]
45 verbose addNamed [ null, '>=0.2.6-0 <0.3.0-0' ]
46 verbose cache add name="karma-junit-reporter" spec="^0.2.2" args=["karma-junit-reporter","^0.2.2"]
47 verbose parsed url { protocol: null,
47 verbose parsed url   slashes: null,
47 verbose parsed url   auth: null,
47 verbose parsed url   host: null,
47 verbose parsed url   port: null,
47 verbose parsed url   hostname: null,
47 verbose parsed url   hash: null,
47 verbose parsed url   search: null,
47 verbose parsed url   query: null,
47 verbose parsed url   pathname: '^0.2.2',
47 verbose parsed url   path: '^0.2.2',
47 verbose parsed url   href: '^0.2.2' }
48 verbose addNamed [ 'karma-junit-reporter', '^0.2.2' ]
49 verbose addNamed [ null, '>=0.2.2-0 <0.3.0-0' ]
50 silly lockFile 059b5650-karma-0-10 karma@~0.10
51 verbose lock karma@~0.10 C:\Users\ljablonski\AppData\Roaming\npm-cache\059b5650-karma-0-10.lock
52 silly lockFile 345c784a-protractor-1-1-1 protractor@^1.1.1
53 verbose lock protractor@^1.1.1 C:\Users\ljablonski\AppData\Roaming\npm-cache\345c784a-protractor-1-1-1.lock
54 silly lockFile e7eeaefd-http-server-0-6-1 http-server@^0.6.1
55 verbose lock http-server@^0.6.1 C:\Users\ljablonski\AppData\Roaming\npm-cache\e7eeaefd-http-server-0-6-1.lock
56 silly lockFile 7c83895e-bower-1-3-1 bower@^1.3.1
57 verbose lock bower@^1.3.1 C:\Users\ljablonski\AppData\Roaming\npm-cache\7c83895e-bower-1-3-1.lock
58 silly lockFile cdaabbbd-shelljs-0-2-6 shelljs@^0.2.6
59 verbose lock shelljs@^0.2.6 C:\Users\ljablonski\AppData\Roaming\npm-cache\cdaabbbd-shelljs-0-2-6.lock
60 silly lockFile 6934e75d-karma-junit-reporter-0-2-2 karma-junit-reporter@^0.2.2
61 verbose lock karma-junit-reporter@^0.2.2 C:\Users\ljablonski\AppData\Roaming\npm-cache\6934e75d-karma-junit-reporter-0-2-2.lock
62 silly addNameRange { name: 'karma', range: '>=0.10.0-0 <0.11.0-0', hasData: false }
63 silly addNameRange { name: 'http-server',
63 silly addNameRange   range: '>=0.6.1-0 <0.7.0-0',
63 silly addNameRange   hasData: false }
64 silly addNameRange { name: 'bower', range: '>=1.3.1-0 <2.0.0-0', hasData: false }
65 silly addNameRange { name: 'shelljs', range: '>=0.2.6-0 <0.3.0-0', hasData: false }
66 verbose request where is /karma
67 verbose request registry http://85.10.209.91/
68 verbose request id 8c8b6259bc6dfe1a
69 verbose url raw /karma
70 verbose url resolving [ 'http://85.10.209.91/', './karma' ]
71 verbose url resolved http://85.10.209.91/karma
72 verbose request where is http://85.10.209.91/karma
73 info trying registry request attempt 1 at 16:44:37
74 http GET http://85.10.209.91/karma
75 verbose request where is /http-server
76 verbose request registry http://85.10.209.91/
77 verbose url raw /http-server
78 verbose url resolving [ 'http://85.10.209.91/', './http-server' ]
79 verbose url resolved http://85.10.209.91/http-server
80 verbose request where is http://85.10.209.91/http-server
81 info trying registry request attempt 1 at 16:44:38
82 http GET http://85.10.209.91/http-server
83 silly addNameRange { name: 'karma-junit-reporter',
83 silly addNameRange   range: '>=0.2.2-0 <0.3.0-0',
83 silly addNameRange   hasData: false }
84 verbose request where is /bower
85 verbose request registry http://85.10.209.91/
86 verbose url raw /bower
87 verbose url resolving [ 'http://85.10.209.91/', './bower' ]
88 verbose url resolved http://85.10.209.91/bower
89 verbose request where is http://85.10.209.91/bower
90 info trying registry request attempt 1 at 16:44:38
91 http GET http://85.10.209.91/bower
92 silly addNameRange { name: 'protractor',
92 silly addNameRange   range: '>=1.1.1-0 <2.0.0-0',
92 silly addNameRange   hasData: false }
93 verbose request where is /shelljs
94 verbose request registry http://85.10.209.91/
95 verbose url raw /shelljs
96 verbose url resolving [ 'http://85.10.209.91/', './shelljs' ]
97 verbose url resolved http://85.10.209.91/shelljs
98 verbose request where is http://85.10.209.91/shelljs
99 info trying registry request attempt 1 at 16:44:38
100 http GET http://85.10.209.91/shelljs
101 verbose request where is /karma-junit-reporter
102 verbose request registry http://85.10.209.91/
103 verbose url raw /karma-junit-reporter
104 verbose url resolving [ 'http://85.10.209.91/', './karma-junit-reporter' ]
105 verbose url resolved http://85.10.209.91/karma-junit-reporter
106 verbose request where is http://85.10.209.91/karma-junit-reporter
107 info trying registry request attempt 1 at 16:44:38
108 http GET http://85.10.209.91/karma-junit-reporter
109 verbose request where is /protractor
110 verbose request registry http://85.10.209.91/
111 verbose url raw /protractor
112 verbose url resolving [ 'http://85.10.209.91/', './protractor' ]
113 verbose url resolved http://85.10.209.91/protractor
114 verbose request where is http://85.10.209.91/protractor
115 info trying registry request attempt 1 at 16:44:38
116 http GET http://85.10.209.91/protractor
117 info retry will retry, error on last attempt: Error: connect ECONNREFUSED
118 info retry will retry, error on last attempt: Error: connect ECONNREFUSED
119 info retry will retry, error on last attempt: Error: connect ECONNREFUSED
120 info retry will retry, error on last attempt: Error: connect ECONNREFUSED
121 info retry will retry, error on last attempt: Error: connect ECONNREFUSED
122 info retry will retry, error on last attempt: Error: connect ECONNREFUSED
123 info trying registry request attempt 2 at 16:44:49
124 http GET http://85.10.209.91/karma
125 info trying registry request attempt 2 at 16:44:49
126 http GET http://85.10.209.91/bower
127 info trying registry request attempt 2 at 16:44:49
128 http GET http://85.10.209.91/http-server
129 info trying registry request attempt 2 at 16:44:49
130 http GET http://85.10.209.91/karma-junit-reporter
131 info trying registry request attempt 2 at 16:44:49
132 http GET http://85.10.209.91/shelljs
133 info trying registry request attempt 2 at 16:44:50
134 http GET http://85.10.209.91/protractor
135 info retry will retry, error on last attempt: Error: connect ECONNREFUSED
136 info retry will retry, error on last attempt: Error: connect ECONNREFUSED
137 info retry will retry, error on last attempt: Error: connect ECONNREFUSED
138 info retry will retry, error on last attempt: Error: connect ECONNREFUSED
139 info retry will retry, error on last attempt: Error: connect ECONNREFUSED
140 info retry will retry, error on last attempt: Error: connect ECONNREFUSED
141 info trying registry request attempt 3 at 16:45:50
142 http GET http://85.10.209.91/karma
143 info trying registry request attempt 3 at 16:45:50
144 http GET http://85.10.209.91/karma-junit-reporter
145 info trying registry request attempt 3 at 16:45:50
146 http GET http://85.10.209.91/http-server
147 info trying registry request attempt 3 at 16:45:50
148 http GET http://85.10.209.91/bower
149 info trying registry request attempt 3 at 16:45:50
150 http GET http://85.10.209.91/shelljs
151 info trying registry request attempt 3 at 16:45:52
152 http GET http://85.10.209.91/protractor
153 silly lockFile e7eeaefd-http-server-0-6-1 http-server@^0.6.1
154 silly lockFile e7eeaefd-http-server-0-6-1 http-server@^0.6.1
155 silly lockFile 059b5650-karma-0-10 karma@~0.10
156 silly lockFile 059b5650-karma-0-10 karma@~0.10
157 silly lockFile 7c83895e-bower-1-3-1 bower@^1.3.1
158 silly lockFile 7c83895e-bower-1-3-1 bower@^1.3.1
159 silly lockFile cdaabbbd-shelljs-0-2-6 shelljs@^0.2.6
160 silly lockFile cdaabbbd-shelljs-0-2-6 shelljs@^0.2.6
161 silly lockFile 6934e75d-karma-junit-reporter-0-2-2 karma-junit-reporter@^0.2.2
162 silly lockFile 6934e75d-karma-junit-reporter-0-2-2 karma-junit-reporter@^0.2.2
163 silly lockFile 345c784a-protractor-1-1-1 protractor@^1.1.1
164 silly lockFile 345c784a-protractor-1-1-1 protractor@^1.1.1
165 error Error: connect ECONNREFUSED
165 error     at errnoException (net.js:905:11)
165 error     at Object.afterConnect [as oncomplete] (net.js:896:19)
165 error  { [Error: connect ECONNREFUSED]
165 error   code: 'ECONNREFUSED',
165 error   errno: 'ECONNREFUSED',
165 error   syscall: 'connect',
165 error   parent: 'ECMS' }
166 error If you are behind a proxy, please make sure that the
166 error 'proxy' config is set properly.  See: 'npm help config'
167 error System Windows_NT 6.1.7601
168 error command "c:\\Program Files (x86)\\nodejs\\node.exe" "c:\\Program Files (x86)\\nodejs\\node_modules\\npm\\bin\\npm-cli.js" "install"
169 error cwd c:\Users\ljablonski\Documents\workingProgress-L\ECMS
170 error node -v v0.10.36
171 error npm -v 1.4.28
172 error syscall connect
173 error code ECONNREFUSED
174 error errno ECONNREFUSED
175 error stack Error: connect ECONNREFUSED
175 error stack     at errnoException (net.js:905:11)
175 error stack     at Object.afterConnect [as oncomplete] (net.js:896:19)
176 verbose exit [ 1, true ]
